1348
729
1584
1645
2595
2173
2651
853
783
1087
749
1219
752
579
1320
715
764
1790
1200
1780
475
1265
2425
599
460
1803
524
1139
1862
513
3164
425
493
527
2049
382
2839
1877
1
1342
2909
478
504
1896
289
904
979
1093
313
403
364
319
216
556
636
1539
11
903
736
1651
4515
2650
2982
1704
3801
2932
1619
2400
2210
4008
608
1072
1382
1319
2167
3695
1716
655
1859
2205
1626
2193
621
4278
1715
2324
2079
4412
1985
2990
1197
1100
1251
915
1168
1307
6071
4199
2160
1873
4162
3842
2155
1820
4325
3340
1939
7352
1145
336
1710
3677
1
1
