1133
617
688
349
3168
4010
1775
1880
754
2771
1593
713
2278
2110
1355
308
2211
2463
2604
1762
2786
919
1192
1397
1625
717
1619
1133
1386
2816
608
948
1773
636
1097
2609
1716
3423
2614
2804
724
3176
621
2298
1059
2514
4523
856
2346
3030
1197
2169
835
3109
2557
3107
5133
2980
1226
2480
3962
2769
3055
2176
2922
1181
2597
5373
2904
286
2218
4123
2838
3037
3044
784
2665
4843
727
783
1173
1701
589
24
1639
556
3053
1326
1289
610
545
3668
2851
264
2063
2040
3519
761
653
166
1186
1102
2701
979
31
25
1411
1474
856
900
1647
506
828
3098
899
757
1023
518
2455
2568
1619
2879
1567
29
1971
1236
377
3183
760
1070
144
459
2226
172
2752
1062
2522
4274
889
2539
2851
609
921
652
1355
772
3296
2920
943
7816
3175
1272
2342
305
3239
2976
1361
1271
2834
230
978
1686
280
1777
106
1151
1007
2962
304
2546
1421
4505
2640
2347
1039
4382
3388
1752
1215
1760
570
2881
2443
954
3725
821
2911
1627
2139
732
2704
2461
218
3579
5114
704
1884
684
854
602
1270
2144
230
2682
990
761
1859
774
243
1011
222
739
1386
864
1185
1844
779
4438
690
3027
963
660
804
4738
1358
2406
1354
2402
782
1813
720
2638
1694
1069
1065
707
2045
342
725
944
1150
1110
2438
1746
2403
4913
492
2357
2998
3206
1181
2705
5167
2476
721
1466
6250
907
2621
961
987
746
4571
2915
2859
5236
3430
836
3769
818
2790
43
940
3259
714
2663
2729
2259
2355
640
2980
4725
292
176
1134
771
2994
1615
1890
3038
2468
147
2456
4082
1610
566
3434
2669
676
1151
1895
728
4077
752
2646
4110
2192
999
2520
2573
634
705
2751
856
1026
1161
771
100
3369
2015
1107
1499
738
3639
692
2374
2530
2758
3035
17
2630
1305
482
24
202
2187
894
2956
750
1200
530
3047
2077
624
1917
2193
972
1364
2792
2724
3002
4255
3099
733
9409
2745
1988
1135
361
1148
2575
1139
2135
1011
3046
2732
1178
696
3064
4175
1164
2040
695
592
772
1086
778
54
2552
1773
3183
1099
1067
2709
1213
850
774
1653
899
709
3928
1180
5011
4076
1175
2024
916
2639
1020
2240
8714
1000
657
1078
5613
3558
913
804
3117
2627
828
880
2448
730
1036
2991
2283
2617
1063
665
893
2500
764
1656
2821
587
3253
1582
4672
1040
1059
461
1880
3014
3342
2340
1230
1666
1148
2778
2886
4628
2621
783
1033
2308
4388
2742
2515
4569
822
91
979
321
740
1237
1283
2766
400
862
2787
2968
2182
1490
2055
5171
746
1831
2169
781
2788
2517
1716
2584
4167
791
3673
912
1097
1241
1150
2801
721
3110
2362
888
2690
978
2991
1447
2681
3859
791
2932
541
1551
2602
819
786
3121
2536
1644
881
2641
1331
698
1880
2724
1803
1073
3223
156
988
2744
650
4504
2788
1264
126
2398
1126
2561
2647
344
883
735
894
1164
3086
920
1339
3928
1731
2588
650
3358
2469
612
3201
1124
2902
2803
1361
2664
1033
1179
2838
535
551
3380
762
1785
3087
922
2757
1477
716
717
3885
1621
2822
343
1316
544
2482
2166
692
2381
5273
2670
1303
2363
762
1843
721
235
3607
926
972
2016
2608
1163
598
2497
1146
2577
618
801
5839
3241
2843
2169
805
71
993
3116
2691
794
3933
1013
966
836
660
353
445
2065
710
2407
3580
368
4404
1246
592
1797
1880
1334
308
1001
746
3345
769
1157
247
2430
1206
1097
1384
6176
2784
2491
7124
925
3063
789
2045
1658
2762
1058
4613
976
2219
3078
1022
1021
3551
887
2762
4444
712
882
2695
669
733
2623
461
972
3123
994
1290
860
1783
2960
1175
3235
998
1011
1246
1488
3354
685
655
1880
2801
2536
932
1110
2679
1005
1082
2609
3068
633
890
2524
831
957
506
3228
2804
1342
965
1189
521
1568
950
1868
2977
1880
6082
2010
2113
939
703
703
2213
2511
1125
554
2693
1648
2671
427
1880
3087
3513
3227
687
636
857
6060
2759
2839
867
861
2605
1880
3286
2918
765
5168
751
2601
1478
4485
2439
5724
856
2796
1904
192
653
822
911
1167
391
3167
2374
4319
1893
1814
924
3088
796
197
775
645
1388
752
753
875
3928
981
2813
3237
659
1252
745
1880
2591
2992
181
1103
2757
2917
918
2904
126
3002
1344
2798
2619
2269
3356
2117
1198
844
1288
681
3286
756
2853
1096
760
913
3215
865
53
2441
874
930
1558
2763
798
4053
846
2282
1109
26
3143
1258
2886
2900
1012
4769
691
650
806
908
669
1918
1058
746
1513
4604
2715
4370
734
491
2939
626
969
3079
2769
508
5150
2283
2783
795
2904
748
648
2839
2897
92
2788
2090
954
2080
641
2864
4835
2547
95
2731
4032
4328
4250
3132
859
954
2265
2703
4224
820
681
3338
639
408
3035
1136
2871
1027
2795
930
5629
4189
3197
5138
704
856
2558
2766
2790
971
1214
2401
3051
419
2279
613
3764
4387
2337
977
3336
5187
2548
1160
1290
1368
780
183
1072
3976
809
1433
2667
1670
856
594
1224
5047
3138
4340
1808
2904
1735
770
1237
2867
1737
1388
689
2657
4952
812
2819
539
2628
1265
3104
997
2170
1751
3142
934
820
2541
3366
1099
1058
2982
1097
363
2395
2797
291
1681
1182
2629
890
1101
827
599
2057
419
3816
581
917
741
578
2393
2761
1880
2218
2698
3118
1139
869
1089
2878
745
2866
3150
1150
2589
3079
303
3068
844
2249
2157
1857
2358
872
1928
424
5101
783
767
947
523
1070
1160
818
850
1219
666
5380
784
1248
528
633
