941
307
950
1179
1073
317
1442
1036
1127
373
259
1493
1862
1656
346
431
1029
1295
1950
258
305
1234
1552
1623
1798
354
1237
346
373
425
366
1972
1097
1686
1742
508
1938
467
1869
1890
478
271
724
1637
1344
1770
1471
1879
1112
1664
1386
1695
2112
1895
1367
351
306
322
390
388
330
1131
376
1925
103
736
454
343
407
1274
1548
406
432
301
1122
321
477
360
397
1473
504
569
1647
1730
294
1937
319
449
2026
1592
1665
332
1964
1609
388
426
993
1289
1654
1959
700
2047
1869
1277
1810
1749
1747
2035
1961
1231
1703
308
250
1882
284
1940
1201
1789
1359
1620
1700
269
2029
363
1052
337
1026
337
1980
431
1468
1228
1172
490
1658
732
339
2005
256
337
1821
435
1851
452
1860
1753
321
1086
370
1683
431
1945
2147
2148
314
1804
479
1956
1563
1698
1448
1499
260
1784
1683
417
2037
360
1158
1824
406
1522
285
718
1659
2091
1311
268
315
1924
1918
1539
401
400
1436
1825
1694
1985
428
336
1096
1915
426
1923
1990
1894
1226
1645
1133
798
1672
1184
1783
1870
1936
1849
1809
1945
1426
1806
1964
1887
1868
2047
1710
454
1896
1857
1561
1455
2159
1691
1690
1705
1736
383
1940
516
413
1724
1525
1896
1860
1347
257
1716
291
661
1745
1795
1685
1847
1
1096
261
1050
1910
1840
418
1735
1405
1927
370
1164
474
1677
253
1986
1763
1969
297
1947
374
1050
1591
1970
1237
401
1680
658
260
278
378
1173
1878
383
1113
1721
1935
1725
1787
1903
1304
309
1176
1840
397
1810
1070
1245
361
382
251
2214
423
1813
1850
429
250
393
1452
1161
1237
1608
1159
1367
1549
1992
251
401
886
430
262
412
2181
1197
1792
1703
309
1807
1810
1520
484
260
1833
1080
887
285
2050
1703
251
299
283
1806
1789
2266
1751
387
1977
280
278
1129
1739
1800
1911
2115
276
1714
2242
320
2106
2003
2170
328
1964
839
446
2035
2005
1147
500
2036
325
1232
1848
1890
387
672
268
1936
1147
1860
1879
1614
1964
1074
1302
397
1395
414
1890
1210
1925
310
385
402
257
1986
1713
1038
1509
1135
1427
2162
1672
2041
1721
1916
1807
1745
2021
1313
1324
2058
1508
372
1803
1814
1196
2001
1294
1199
284
1103
984
1957
1044
1186
1672
1767
1151
355
1404
401
1192
1227
1800
1772
420
1825
334
264
314
1340
410
1490
1821
450
1886
313
325
1673
1866
2028
1564
1994
270
1784
281
976
1977
1806
394
1026
278
1288
1717
1292
351
315
1810
1196
2161
2064
1563
2153
1163
1775
2092
1710
2035
1277
1108
1903
407
2092
1922
1200
1917
2046
1953
1540
1611
1475
1589
1548
297
306
1650
320
264
372
1224
297
1323
1873
395
1683
2147
481
1019
1822
1616
319
399
1059
1968
276
1850
1039
1277
415
1252
1273
1439
1792
1936
1816
1253
1829
2026
2188
402
1062
2015
1773
1669
1661
1995
1176
1478
1791
1802
1770
1135
1656
1724
1079
1763
1295
294
356
1874
1792
1071
1131
269
1075
1026
1871
281
306
1927
1889
540
1505
2027
263
1802
1494
1275
1960
1988
332
1943
1841
2028
1647
1902
2003
297
1077
2052
1702
1861
1487
1794
2060
295
2001
1365
1740
654
312
1499
1342
1556
1770
378
1814
2158
445
1870
1517
1936
1566
1874
2136
1827
1753
5447
903
805
283
26
256
322
1266
1139
739
76
1164
3723
1121
1490
668
1155
947
